[0.261s] DEBUG:colcon:Command line arguments: ['/usr/bin/colcon', 'build', '--symlink-install']
[0.261s] DEBUG:colcon:Parsed command line arguments: Namespace(log_base=None, log_level=None, verb_name='build', build_base='build', install_base='install', merge_install=False, symlink_install=True, test_result_base=None, continue_on_error=False, executor='parallel', parallel_workers=12, event_handlers=None, ignore_user_meta=False, metas=['./colcon.meta'], base_paths=['.'], packages_ignore=None, packages_ignore_regex=None, paths=None, packages_up_to=None, packages_up_to_regex=None, packages_above=None, packages_above_and_dependencies=None, packages_above_depth=None, packages_select_by_dep=None, packages_skip_by_dep=None, packages_skip_up_to=None, packages_select_build_failed=False, packages_skip_build_finished=False, packages_select_test_failures=False, packages_skip_test_passed=False, packages_select=None, packages_skip=None, packages_select_regex=None, packages_skip_regex=None, packages_start=None, packages_end=None, allow_overriding=[], cmake_args=None, cmake_target=None, cmake_target_skip_unavailable=False, cmake_clean_cache=False, cmake_clean_first=False, cmake_force_configure=False, ament_cmake_args=None, catkin_cmake_args=None, catkin_skip_building_tests=False, verb_parser=<colcon_defaults.argument_parser.defaults.DefaultArgumentsDecorator object at 0x7f22294ba710>, verb_extension=<colcon_core.verb.build.BuildVerb object at 0x7f2229ce9cc0>, main=<bound method BuildVerb.main of <colcon_core.verb.build.BuildVerb object at 0x7f2229ce9cc0>>)
[0.285s] Level 1:colcon.colcon_core.package_discovery:discover_packages(colcon_meta) check parameters
[0.285s] Level 1:colcon.colcon_core.package_discovery:discover_packages(recursive) check parameters
[0.285s] Level 1:colcon.colcon_core.package_discovery:discover_packages(ignore) check parameters
[0.285s] Level 1:colcon.colcon_core.package_discovery:discover_packages(path) check parameters
[0.285s] Level 1:colcon.colcon_core.package_discovery:discover_packages(colcon_meta) discover
[0.285s] Level 1:colcon.colcon_core.package_discovery:discover_packages(recursive) discover
[0.285s] INFO:colcon.colcon_core.package_discovery:Crawling recursively for packages in '/home/max/Downloads/dev-ws/my_bot'
[0.285s] Level 1:colcon.colcon_core.package_identification:_identify(.) by extensions ['ignore', 'ignore_ament_install']
[0.285s] Level 1:colcon.colcon_core.package_identification:_identify(.) by extension 'ignore'
[0.285s] Level 1:colcon.colcon_core.package_identification:_identify(.) by extension 'ignore_ament_install'
[0.285s] Level 1:colcon.colcon_core.package_identification:_identify(.) by extensions ['colcon_pkg']
[0.285s] Level 1:colcon.colcon_core.package_identification:_identify(.) by extension 'colcon_pkg'
[0.285s] Level 1:colcon.colcon_core.package_identification:_identify(.) by extensions ['colcon_meta']
[0.285s] Level 1:colcon.colcon_core.package_identification:_identify(.) by extension 'colcon_meta'
[0.285s] Level 1:colcon.colcon_core.package_identification:_identify(.) by extensions ['ros']
[0.285s] Level 1:colcon.colcon_core.package_identification:_identify(.) by extension 'ros'
[0.296s] DEBUG:colcon.colcon_core.package_identification:Package '.' with type 'ros.ament_cmake' and name 'my_bot'
[0.296s] Level 1:colcon.colcon_core.package_discovery:discover_packages(recursive) using defaults
[0.296s] Level 1:colcon.colcon_core.package_discovery:discover_packages(ignore) discover
[0.296s] Level 1:colcon.colcon_core.package_discovery:discover_packages(ignore) using defaults
[0.296s] Level 1:colcon.colcon_core.package_discovery:discover_packages(path) discover
[0.297s] Level 1:colcon.colcon_core.package_discovery:discover_packages(path) using defaults
[0.316s] Level 1:colcon.colcon_core.package_discovery:discover_packages(prefix_path) check parameters
[0.316s] Level 1:colcon.colcon_core.package_discovery:discover_packages(prefix_path) discover
[0.317s] WARNING:colcon.colcon_core.prefix_path.colcon:The path '/home/max/Downloads/dev_ws/install' in the environment variable COLCON_PREFIX_PATH doesn't exist
[0.317s] WARNING:colcon.colcon_ros.prefix_path.ament:The path '/home/max/Downloads/dev_ws/install/articubot_one' in the environment variable AMENT_PREFIX_PATH doesn't exist
[0.317s] WARNING:colcon.colcon_ros.prefix_path.catkin:The path '/home/max/Downloads/dev_ws/install/articubot_one' in the environment variable CMAKE_PREFIX_PATH doesn't exist
[0.319s] DEBUG:colcon.colcon_installed_package_information.package_discovery:Found 280 installed packages in /opt/ros/humble
[0.321s] Level 1:colcon.colcon_core.package_discovery:discover_packages(prefix_path) using defaults
[0.374s] Level 5:colcon.colcon_core.verb:set package 'my_bot' build argument 'cmake_args' from command line to 'None'
[0.374s] Level 5:colcon.colcon_core.verb:set package 'my_bot' build argument 'cmake_target' from command line to 'None'
[0.374s] Level 5:colcon.colcon_core.verb:set package 'my_bot' build argument 'cmake_target_skip_unavailable' from command line to 'False'
[0.374s] Level 5:colcon.colcon_core.verb:set package 'my_bot' build argument 'cmake_clean_cache' from command line to 'False'
[0.374s] Level 5:colcon.colcon_core.verb:set package 'my_bot' build argument 'cmake_clean_first' from command line to 'False'
[0.374s] Level 5:colcon.colcon_core.verb:set package 'my_bot' build argument 'cmake_force_configure' from command line to 'False'
[0.374s] Level 5:colcon.colcon_core.verb:set package 'my_bot' build argument 'ament_cmake_args' from command line to 'None'
[0.374s] Level 5:colcon.colcon_core.verb:set package 'my_bot' build argument 'catkin_cmake_args' from command line to 'None'
[0.374s] Level 5:colcon.colcon_core.verb:set package 'my_bot' build argument 'catkin_skip_building_tests' from command line to 'False'
[0.374s] DEBUG:colcon.colcon_core.verb:Building package 'my_bot' with the following arguments: {'ament_cmake_args': None, 'build_base': '/home/max/Downloads/dev-ws/my_bot/build/my_bot', 'catkin_cmake_args': None, 'catkin_skip_building_tests': False, 'cmake_args': None, 'cmake_clean_cache': False, 'cmake_clean_first': False, 'cmake_force_configure': False, 'cmake_target': None, 'cmake_target_skip_unavailable': False, 'install_base': '/home/max/Downloads/dev-ws/my_bot/install/my_bot', 'merge_install': False, 'path': '/home/max/Downloads/dev-ws/my_bot', 'symlink_install': True, 'test_result_base': None}
[0.375s] INFO:colcon.colcon_core.executor:Executing jobs using 'parallel' executor
[0.378s] DEBUG:colcon.colcon_parallel_executor.executor.parallel:run_until_complete
[0.378s] INFO:colcon.colcon_ros.task.ament_cmake.build:Building ROS package in '/home/max/Downloads/dev-ws/my_bot' with build type 'ament_cmake'
[0.378s] INFO:colcon.colcon_cmake.task.cmake.build:Building CMake package in '/home/max/Downloads/dev-ws/my_bot'
[0.381s] INFO:colcon.colcon_core.plugin_system:Skipping extension 'colcon_core.shell.bat': Not used on non-Windows systems
[0.382s] INFO:colcon.colcon_core.shell:Skip shell extension 'powershell' for command environment: Not usable outside of PowerShell
[0.382s] DEBUG:colcon.colcon_core.shell:Skip shell extension 'dsv' for command environment
[0.387s] DEBUG:colcon.colcon_core.event_handler.log_command:Invoking command in '/home/max/Downloads/dev-ws/my_bot/build/my_bot': CMAKE_PREFIX_PATH=${CMAKE_PREFIX_PATH}:/opt/ros/humble /usr/bin/cmake /home/max/Downloads/dev-ws/my_bot -DAMENT_CMAKE_SYMLINK_INSTALL=1 -DCMAKE_INSTALL_PREFIX=/home/max/Downloads/dev-ws/my_bot/install/my_bot
[0.840s] DEBUG:colcon.colcon_core.event_handler.log_command:Invoked command in '/home/max/Downloads/dev-ws/my_bot/build/my_bot' returned '0': CMAKE_PREFIX_PATH=${CMAKE_PREFIX_PATH}:/opt/ros/humble /usr/bin/cmake /home/max/Downloads/dev-ws/my_bot -DAMENT_CMAKE_SYMLINK_INSTALL=1 -DCMAKE_INSTALL_PREFIX=/home/max/Downloads/dev-ws/my_bot/install/my_bot
[0.842s] DEBUG:colcon.colcon_core.event_handler.log_command:Invoking command in '/home/max/Downloads/dev-ws/my_bot/build/my_bot': CMAKE_PREFIX_PATH=${CMAKE_PREFIX_PATH}:/opt/ros/humble /usr/bin/cmake --build /home/max/Downloads/dev-ws/my_bot/build/my_bot -- -j12 -l12
[0.863s] DEBUG:colcon.colcon_core.event_handler.log_command:Invoked command in '/home/max/Downloads/dev-ws/my_bot/build/my_bot' returned '0': CMAKE_PREFIX_PATH=${CMAKE_PREFIX_PATH}:/opt/ros/humble /usr/bin/cmake --build /home/max/Downloads/dev-ws/my_bot/build/my_bot -- -j12 -l12
[0.876s] DEBUG:colcon.colcon_core.event_handler.log_command:Invoking command in '/home/max/Downloads/dev-ws/my_bot/build/my_bot': CMAKE_PREFIX_PATH=${CMAKE_PREFIX_PATH}:/opt/ros/humble /usr/bin/cmake --install /home/max/Downloads/dev-ws/my_bot/build/my_bot
[0.977s] Level 1:colcon.colcon_core.environment:create_environment_scripts_only(my_bot)
[0.977s] DEBUG:colcon.colcon_core.event_handler.log_command:Invoked command in '/home/max/Downloads/dev-ws/my_bot/build/my_bot' returned '0': CMAKE_PREFIX_PATH=${CMAKE_PREFIX_PATH}:/opt/ros/humble /usr/bin/cmake --install /home/max/Downloads/dev-ws/my_bot/build/my_bot
[0.981s] Level 1:colcon.colcon_core.environment:checking '/home/max/Downloads/dev-ws/my_bot/install/my_bot' for CMake module files
[0.981s] Level 1:colcon.colcon_core.environment:checking '/home/max/Downloads/dev-ws/my_bot/install/my_bot' for CMake config files
[0.981s] Level 1:colcon.colcon_core.shell:create_environment_hook('my_bot', 'cmake_prefix_path')
[0.982s] INFO:colcon.colcon_core.shell:Creating environment hook '/home/max/Downloads/dev-ws/my_bot/install/my_bot/share/my_bot/hook/cmake_prefix_path.ps1'
[0.983s] INFO:colcon.colcon_core.shell:Creating environment descriptor '/home/max/Downloads/dev-ws/my_bot/install/my_bot/share/my_bot/hook/cmake_prefix_path.dsv'
[0.983s] INFO:colcon.colcon_core.shell:Creating environment hook '/home/max/Downloads/dev-ws/my_bot/install/my_bot/share/my_bot/hook/cmake_prefix_path.sh'
[0.984s] Level 1:colcon.colcon_core.environment:checking '/home/max/Downloads/dev-ws/my_bot/install/my_bot/bin'
[0.984s] Level 1:colcon.colcon_core.environment:checking '/home/max/Downloads/dev-ws/my_bot/install/my_bot/lib/pkgconfig/my_bot.pc'
[0.984s] Level 1:colcon.colcon_core.environment:checking '/home/max/Downloads/dev-ws/my_bot/install/my_bot/lib/python3.10/site-packages'
[0.984s] Level 1:colcon.colcon_core.environment:checking '/home/max/Downloads/dev-ws/my_bot/install/my_bot/bin'
[0.985s] INFO:colcon.colcon_core.shell:Creating package script '/home/max/Downloads/dev-ws/my_bot/install/my_bot/share/my_bot/package.ps1'
[0.986s] INFO:colcon.colcon_core.shell:Creating package descriptor '/home/max/Downloads/dev-ws/my_bot/install/my_bot/share/my_bot/package.dsv'
[0.986s] INFO:colcon.colcon_core.shell:Creating package script '/home/max/Downloads/dev-ws/my_bot/install/my_bot/share/my_bot/package.sh'
[0.986s] INFO:colcon.colcon_core.shell:Creating package script '/home/max/Downloads/dev-ws/my_bot/install/my_bot/share/my_bot/package.bash'
[0.987s] INFO:colcon.colcon_core.shell:Creating package script '/home/max/Downloads/dev-ws/my_bot/install/my_bot/share/my_bot/package.zsh'
[0.987s] Level 1:colcon.colcon_core.environment:create_file_with_runtime_dependencies(/home/max/Downloads/dev-ws/my_bot/install/my_bot/share/colcon-core/packages/my_bot)
[0.998s] Level 1:colcon.colcon_core.environment:create_environment_scripts_only(my_bot)
[1.000s] Level 1:colcon.colcon_core.environment:checking '/home/max/Downloads/dev-ws/my_bot/install/my_bot' for CMake module files
[1.000s] Level 1:colcon.colcon_core.environment:checking '/home/max/Downloads/dev-ws/my_bot/install/my_bot' for CMake config files
[1.000s] Level 1:colcon.colcon_core.shell:create_environment_hook('my_bot', 'cmake_prefix_path')
[1.002s] INFO:colcon.colcon_core.shell:Creating environment hook '/home/max/Downloads/dev-ws/my_bot/install/my_bot/share/my_bot/hook/cmake_prefix_path.ps1'
[1.002s] INFO:colcon.colcon_core.shell:Creating environment descriptor '/home/max/Downloads/dev-ws/my_bot/install/my_bot/share/my_bot/hook/cmake_prefix_path.dsv'
[1.002s] INFO:colcon.colcon_core.shell:Creating environment hook '/home/max/Downloads/dev-ws/my_bot/install/my_bot/share/my_bot/hook/cmake_prefix_path.sh'
[1.003s] Level 1:colcon.colcon_core.environment:checking '/home/max/Downloads/dev-ws/my_bot/install/my_bot/bin'
[1.003s] Level 1:colcon.colcon_core.environment:checking '/home/max/Downloads/dev-ws/my_bot/install/my_bot/lib/pkgconfig/my_bot.pc'
[1.003s] Level 1:colcon.colcon_core.environment:checking '/home/max/Downloads/dev-ws/my_bot/install/my_bot/lib/python3.10/site-packages'
[1.003s] Level 1:colcon.colcon_core.environment:checking '/home/max/Downloads/dev-ws/my_bot/install/my_bot/bin'
[1.005s] INFO:colcon.colcon_core.shell:Creating package script '/home/max/Downloads/dev-ws/my_bot/install/my_bot/share/my_bot/package.ps1'
[1.005s] INFO:colcon.colcon_core.shell:Creating package descriptor '/home/max/Downloads/dev-ws/my_bot/install/my_bot/share/my_bot/package.dsv'
[1.005s] INFO:colcon.colcon_core.shell:Creating package script '/home/max/Downloads/dev-ws/my_bot/install/my_bot/share/my_bot/package.sh'
[1.006s] INFO:colcon.colcon_core.shell:Creating package script '/home/max/Downloads/dev-ws/my_bot/install/my_bot/share/my_bot/package.bash'
[1.006s] INFO:colcon.colcon_core.shell:Creating package script '/home/max/Downloads/dev-ws/my_bot/install/my_bot/share/my_bot/package.zsh'
[1.006s] Level 1:colcon.colcon_core.environment:create_file_with_runtime_dependencies(/home/max/Downloads/dev-ws/my_bot/install/my_bot/share/colcon-core/packages/my_bot)
[1.006s] DEBUG:colcon.colcon_parallel_executor.executor.parallel:closing loop
[1.006s] DEBUG:colcon.colcon_parallel_executor.executor.parallel:loop closed
[1.006s] DEBUG:colcon.colcon_parallel_executor.executor.parallel:run_until_complete finished with '0'
[1.006s] DEBUG:colcon.colcon_core.event_reactor:joining thread
[1.010s] INFO:colcon.colcon_core.plugin_system:Skipping extension 'colcon_notification.desktop_notification.terminal_notifier': Not used on non-Darwin systems
[1.010s] INFO:colcon.colcon_core.plugin_system:Skipping extension 'colcon_notification.desktop_notification.win32': Not used on non-Windows systems
[1.010s] INFO:colcon.colcon_notification.desktop_notification:Sending desktop notification using 'notify2'
[1.020s] DEBUG:colcon.colcon_core.event_reactor:joined thread
[1.022s] INFO:colcon.colcon_core.shell:Creating prefix script '/home/max/Downloads/dev-ws/my_bot/install/local_setup.ps1'
[1.023s] INFO:colcon.colcon_core.shell:Creating prefix util module '/home/max/Downloads/dev-ws/my_bot/install/_local_setup_util_ps1.py'
[1.025s] INFO:colcon.colcon_core.shell:Creating prefix chain script '/home/max/Downloads/dev-ws/my_bot/install/setup.ps1'
[1.026s] INFO:colcon.colcon_core.shell:Creating prefix script '/home/max/Downloads/dev-ws/my_bot/install/local_setup.sh'
[1.027s] INFO:colcon.colcon_core.shell:Creating prefix util module '/home/max/Downloads/dev-ws/my_bot/install/_local_setup_util_sh.py'
[1.027s] INFO:colcon.colcon_core.shell:Creating prefix chain script '/home/max/Downloads/dev-ws/my_bot/install/setup.sh'
[1.028s] INFO:colcon.colcon_core.shell:Creating prefix script '/home/max/Downloads/dev-ws/my_bot/install/local_setup.bash'
[1.029s] INFO:colcon.colcon_core.shell:Creating prefix chain script '/home/max/Downloads/dev-ws/my_bot/install/setup.bash'
[1.030s] INFO:colcon.colcon_core.shell:Creating prefix script '/home/max/Downloads/dev-ws/my_bot/install/local_setup.zsh'
[1.031s] INFO:colcon.colcon_core.shell:Creating prefix chain script '/home/max/Downloads/dev-ws/my_bot/install/setup.zsh'
