[0.008s] Invoking command in '/home/max/Downloads/dev-ws/my_bot/build/my_bot': CMAKE_PREFIX_PATH=${CMAKE_PREFIX_PATH}:/opt/ros/humble /usr/bin/cmake /home/max/Downloads/dev-ws/my_bot -DAMENT_CMAKE_SYMLINK_INSTALL=1 -DCMAKE_INSTALL_PREFIX=/home/max/Downloads/dev-ws/my_bot/install/my_bot
[0.045s] -- The C compiler identification is GNU 11.3.0
[0.086s] -- The CXX compiler identification is GNU 11.3.0
[0.091s] -- Detecting C compiler ABI info
[0.135s] -- Detecting C compiler ABI info - done
[0.144s] -- Check for working C compiler: /usr/bin/cc - skipped
[0.145s] -- Detecting C compile features
[0.145s] -- Detecting C compile features - done
[0.148s] -- Detecting CXX compiler ABI info
[0.199s] -- Detecting CXX compiler ABI info - done
[0.208s] -- Check for working CXX compiler: /usr/bin/c++ - skipped
[0.209s] -- Detecting CXX compile features
[0.209s] -- Detecting CXX compile features - done
[0.210s] -- Found ament_cmake: 1.3.5 (/opt/ros/humble/share/ament_cmake/cmake)
[0.329s] -- Found Python3: /usr/bin/python3.10 (found version "3.10.6") found components: Interpreter 
[0.372s] -- Override CMake install command with custom implementation using symlinks instead of copying resources
[0.385s] -- Found ament_lint_auto: 0.12.6 (/opt/ros/humble/share/ament_lint_auto/cmake)
[0.442s] -- Added test 'copyright' to check source files copyright and LICENSE
[0.445s] -- Added test 'cppcheck' to perform static code analysis on C / C++ code
[0.446s] -- Configured cppcheck include dirs: 
[0.446s] -- Configured cppcheck exclude dirs and/or files: 
[0.448s] -- Added test 'cpplint' to check C / C++ code against the Google style
[0.448s] -- Configured cpplint exclude dirs and/or files: 
[0.449s] -- Added test 'flake8' to check Python code syntax and style conventions
[0.450s] -- Added test 'lint_cmake' to check CMake code style
[0.450s] -- Added test 'pep257' to check Python code against some of the docstring style conventions in PEP 257
[0.453s] -- Added test 'uncrustify' to check C / C++ code style
[0.453s] -- Configured uncrustify additional arguments: 
[0.454s] -- Added test 'xmllint' to check XML markup files
[0.455s] -- Configuring done
[0.456s] -- Generating done
[0.457s] -- Build files have been written to: /home/max/Downloads/dev-ws/my_bot/build/my_bot
[0.461s] Invoked command in '/home/max/Downloads/dev-ws/my_bot/build/my_bot' returned '0': CMAKE_PREFIX_PATH=${CMAKE_PREFIX_PATH}:/opt/ros/humble /usr/bin/cmake /home/max/Downloads/dev-ws/my_bot -DAMENT_CMAKE_SYMLINK_INSTALL=1 -DCMAKE_INSTALL_PREFIX=/home/max/Downloads/dev-ws/my_bot/install/my_bot
[0.463s] Invoking command in '/home/max/Downloads/dev-ws/my_bot/build/my_bot': CMAKE_PREFIX_PATH=${CMAKE_PREFIX_PATH}:/opt/ros/humble /usr/bin/cmake --build /home/max/Downloads/dev-ws/my_bot/build/my_bot -- -j12 -l12
[0.483s] Invoked command in '/home/max/Downloads/dev-ws/my_bot/build/my_bot' returned '0': CMAKE_PREFIX_PATH=${CMAKE_PREFIX_PATH}:/opt/ros/humble /usr/bin/cmake --build /home/max/Downloads/dev-ws/my_bot/build/my_bot -- -j12 -l12
[0.497s] Invoking command in '/home/max/Downloads/dev-ws/my_bot/build/my_bot': CMAKE_PREFIX_PATH=${CMAKE_PREFIX_PATH}:/opt/ros/humble /usr/bin/cmake --install /home/max/Downloads/dev-ws/my_bot/build/my_bot
[0.500s] -- Install configuration: ""
[0.500s] -- Execute custom install script
[0.500s] -- Symlinking: /home/max/Downloads/dev-ws/my_bot/install/my_bot/share/my_bot/config/empty.yaml
[0.504s] -- Symlinking: /home/max/Downloads/dev-ws/my_bot/install/my_bot/share/my_bot/config/my_controllers.yaml
[0.509s] -- Symlinking: /home/max/Downloads/dev-ws/my_bot/install/my_bot/share/my_bot/config/view_bot.rviz
[0.512s] -- Symlinking: /home/max/Downloads/dev-ws/my_bot/install/my_bot/share/my_bot/description/gazebo_control.xacro
[0.516s] -- Symlinking: /home/max/Downloads/dev-ws/my_bot/install/my_bot/share/my_bot/description/inertial_macros.xacro
[0.519s] -- Symlinking: /home/max/Downloads/dev-ws/my_bot/install/my_bot/share/my_bot/description/robot.urdf.xacro
[0.523s] -- Symlinking: /home/max/Downloads/dev-ws/my_bot/install/my_bot/share/my_bot/description/robot_core.xacro
[0.526s] -- Symlinking: /home/max/Downloads/dev-ws/my_bot/install/my_bot/share/my_bot/description/ros2_control.xacro
[0.529s] -- Symlinking: /home/max/Downloads/dev-ws/my_bot/install/my_bot/share/my_bot/launch/launch_sim.launch.py
[0.533s] -- Symlinking: /home/max/Downloads/dev-ws/my_bot/install/my_bot/share/my_bot/launch/rsp.launch.py
[0.536s] -- Symlinking: /home/max/Downloads/dev-ws/my_bot/install/my_bot/share/my_bot/worlds/empty.world
[0.540s] -- Symlinking: /home/max/Downloads/dev-ws/my_bot/install/my_bot/share/ament_index/resource_index/package_run_dependencies/my_bot
[0.544s] -- Symlinking: /home/max/Downloads/dev-ws/my_bot/install/my_bot/share/ament_index/resource_index/parent_prefix_path/my_bot
[0.548s] -- Symlinking: /home/max/Downloads/dev-ws/my_bot/install/my_bot/share/my_bot/environment/ament_prefix_path.sh
[0.552s] -- Symlinking: /home/max/Downloads/dev-ws/my_bot/install/my_bot/share/my_bot/environment/ament_prefix_path.dsv
[0.555s] -- Symlinking: /home/max/Downloads/dev-ws/my_bot/install/my_bot/share/my_bot/environment/path.sh
[0.559s] -- Symlinking: /home/max/Downloads/dev-ws/my_bot/install/my_bot/share/my_bot/environment/path.dsv
[0.562s] -- Symlinking: /home/max/Downloads/dev-ws/my_bot/install/my_bot/share/my_bot/local_setup.bash
[0.566s] -- Symlinking: /home/max/Downloads/dev-ws/my_bot/install/my_bot/share/my_bot/local_setup.sh
[0.571s] -- Symlinking: /home/max/Downloads/dev-ws/my_bot/install/my_bot/share/my_bot/local_setup.zsh
[0.575s] -- Symlinking: /home/max/Downloads/dev-ws/my_bot/install/my_bot/share/my_bot/local_setup.dsv
[0.579s] -- Symlinking: /home/max/Downloads/dev-ws/my_bot/install/my_bot/share/my_bot/package.dsv
[0.582s] -- Symlinking: /home/max/Downloads/dev-ws/my_bot/install/my_bot/share/ament_index/resource_index/packages/my_bot
[0.586s] -- Symlinking: /home/max/Downloads/dev-ws/my_bot/install/my_bot/share/my_bot/cmake/my_botConfig.cmake
[0.589s] -- Symlinking: /home/max/Downloads/dev-ws/my_bot/install/my_bot/share/my_bot/cmake/my_botConfig-version.cmake
[0.593s] -- Symlinking: /home/max/Downloads/dev-ws/my_bot/install/my_bot/share/my_bot/package.xml
[0.598s] Invoked command in '/home/max/Downloads/dev-ws/my_bot/build/my_bot' returned '0': CMAKE_PREFIX_PATH=${CMAKE_PREFIX_PATH}:/opt/ros/humble /usr/bin/cmake --install /home/max/Downloads/dev-ws/my_bot/build/my_bot
